<?xml version="1.0" encoding="UTF-8"?>
<!-- Generated by org.testng.reporters.JUnitReportReporter -->
<testsuite hostname="DESKTOP-KN2NV1D" failures="0" tests="2" name="SelenuimProj.MavenJava.SeleniumTest" time="0.003" errors="0" timestamp="2020-08-10T19:06:16 BST" skipped="0">
  <testcase classname="SelenuimProj.MavenJava.SeleniumTest" name="browserAutomation" time="0.003"/>
  <system-out/>
  <testcase classname="SelenuimProj.MavenJava.SeleniumTest" name="elementsUI" time="0.000"/>
  <system-out/>
</testsuite> <!-- SelenuimProj.MavenJava.SeleniumTest -->
