<?xml version="1.0" encoding="UTF-8"?>
<!-- Generated by org.testng.reporters.JUnitReportReporter -->
<testsuite hostname="DESKTOP-KN2NV1D" failures="0" tests="2" name="SelenuimProj.MavenJava.AppiumTest" time="0.000" errors="0" timestamp="2020-08-10T19:05:38 BST" skipped="0">
  <testcase classname="SelenuimProj.MavenJava.AppiumTest" name="IOSapp" time="0.000"/>
  <system-out/>
  <testcase classname="SelenuimProj.MavenJava.AppiumTest" name="AndroidApp" time="0.000"/>
  <system-out/>
</testsuite> <!-- SelenuimProj.MavenJava.AppiumTest -->
